<?xml version="1.0" encoding="UTF-8"?>
<!-- Generated by org.testng.reporters.JUnitReportReporter -->
<testsuite hostname="DESKTOP-HIEBB94" name="testcase.post" tests="1" failures="0" timestamp="10 May 2018 11:00:15 GMT" time="21.147" errors="0">
  <testcase name="postTest" time="21.147" classname="testcase.post"/>
</testsuite> <!-- testcase.post -->
